<?xml version="1.0" encoding="UTF-8"?>
<testsuites name="jest tests" tests="11" failures="0" errors="0" time="0.36">
  <testsuite name="CSP Utilities" errors="0" failures="0" skipped="0" timestamp="2025-09-19T06:50:36" time="0.139" tests="11">
    <testcase classname="CSP Utilities › generateCSPPolicy" name="should generate CSP policy with nonce" time="0.001">
    </testcase>
    <testcase classname="CSP Utilities › generateCSPPolicy" name="should include upgrade-insecure-requests in development" time="0">
    </testcase>
    <testcase classname="CSP Utilities › generateCSPPolicy" name="should not include upgrade-insecure-requests in production" time="0">
    </testcase>
    <testcase classname="CSP Utilities › isDevelopment" name="should return true in development environment" time="0.001">
    </testcase>
    <testcase classname="CSP Utilities › isDevelopment" name="should return false in production environment" time="0">
    </testcase>
    <testcase classname="CSP Utilities › getScriptProps" name="should return nonce prop when nonce is provided" time="0">
    </testcase>
    <testcase classname="CSP Utilities › getScriptProps" name="should return empty object when nonce is not provided" time="0">
    </testcase>
    <testcase classname="CSP Utilities › getScriptProps" name="should return empty object when nonce is undefined" time="0">
    </testcase>
    <testcase classname="CSP Policy Content" name="should allow necessary external domains" time="0.001">
    </testcase>
    <testcase classname="CSP Policy Content" name="should have secure default policies" time="0">
    </testcase>
    <testcase classname="CSP Policy Content" name="should allow inline styles for Tailwind CSS" time="0">
    </testcase>
  </testsuite>
</testsuites>